<?xml version="1.0" encoding="UTF-8"?>
<!-- Generated by org.testng.reporters.JUnitReportReporter -->
<testsuite hostname="AndreiPC" failures="0" tests="1" name="Luma.LumaAuto.Tests.WomenItemsTests.BuysTeesTest" time="4.844" errors="0" timestamp="26 Jan 2024 06:49:28 GMT">
  <testcase classname="Luma.LumaAuto.Tests.WomenItemsTests.BuysTeesTest" name="BuyAnItemSteps" time="4.844"/>
</testsuite> <!-- Luma.LumaAuto.Tests.WomenItemsTests.BuysTeesTest -->
